#
# There is insufficient memory for the Java Runtime Environment to continue.
# Native memory allocation (mmap) failed to map 134217728 bytes for G1 virtual space
# Possible reasons:
#   The system is out of physical RAM or swap space
#   The process is running with CompressedOops enabled, and the Java Heap may be blocking the growth of the native heap
# Possible solutions:
#   Reduce memory load on the system
#   Increase physical memory or swap space
#   Check if swap backing store is full
#   Decrease Java heap size (-Xmx/-Xms)
#   Decrease number of Java threads
#   Decrease Java thread stack sizes (-Xss)
#   Set larger code cache with -XX:ReservedCodeCacheSize=
#   JVM is running with Unscaled Compressed Oops mode in which the Java heap is
#     placed in the first 4GB address space. The Java Heap base address is the
#     maximum limit for the native heap growth. Please use -XX:HeapBaseMinAddress
#     to set the Java Heap base and to place the Java Heap above 4GB virtual address.
# This output file may be truncated or incomplete.
#
#  Out of Memory Error (os_windows.cpp:3829), pid=25792, tid=33980
#
# JRE version:  (17.0.8.1+7) (build )
# Java VM: OpenJDK 64-Bit Server VM (17.0.8.1+7-b1000.32, mixed mode, sharing, tiered, compressed oops, compressed class ptrs, g1 gc, windows-amd64)
# No core dump will be written. Minidumps are not enabled by default on client versions of Windows
#

---------------  S U M M A R Y ------------

Command Line: externalApp.nativessh.NativeSshAskPassApp Enter passphrase for key '/c/Users/brozm/.ssh/id_ed25519': 

Host: Intel(R) Core(TM) i7-7500U CPU @ 2.70GHz, 4 cores, 7G,  Windows 10 , 64 bit Build 19041 (10.0.19041.3636)
Time: Fri May 31 09:06:09 2024 Közép-európai nyári iduild 19041 (10.0.19041.3636) elapsed time: 0.346640 seconds (0d 0h 0m 0s)

---------------  T H R E A D  ---------------

Current thread (0x0000019d84ce19e0):  JavaThread "Unknown thread" [_thread_in_vm, id=33980, stack(0x00000068de200000,0x00000068de300000)]

Stack: [0x00000068de200000,0x00000068de300000]
Native frames: (J=compiled Java code, j=interpreted, Vv=VM code, C=native code)
V  [jvm.dll+0x6852da]
V  [jvm.dll+0x844c84]
V  [jvm.dll+0x84659e]
V  [jvm.dll+0x846c03]
V  [jvm.dll+0x24b7cf]
V  [jvm.dll+0x682049]
V  [jvm.dll+0x67671a]
V  [jvm.dll+0x30be2b]
V  [jvm.dll+0x3132d6]
V  [jvm.dll+0x36302e]
V  [jvm.dll+0x36325f]
V  [jvm.dll+0x2e1f48]
V  [jvm.dll+0x2e2eb4]
V  [jvm.dll+0x815c11]
V  [jvm.dll+0x370df1]
V  [jvm.dll+0x7f4fdc]
V  [jvm.dll+0x3f3f1f]
V  [jvm.dll+0x3f5b31]
C  [jli.dll+0x528f]
C  [ucrtbase.dll+0x21bb2]
C  [KERNEL32.DLL+0x17344]
C  [ntdll.dll+0x526b1]


---------------  P R O C E S S  ---------------

Threads class SMR info:
_java_thread_list=0x00007ff960e000d8, length=0, elements={
}

Java Threads: ( => current thread )

Other Threads:
  0x0000019d84d3a2d0 GCTaskThread "GC Thread#0" [stack: 0x00000068de300000,0x00000068de400000] [id=10356]
  0x0000019d84d4aea0 ConcurrentGCThread "G1 Main Marker" [stack: 0x00000068de400000,0x00000068de500000] [id=1940]
  0x0000019d84d4b8b0 ConcurrentGCThread "G1 Conc#0" [stack: 0x00000068de500000,0x00000068de600000] [id=10708]

[error occurred during error reporting (printing all threads), id 0xc0000005, EXCEPTION_ACCESS_VIOLATION (0xc0000005) at pc=0x00007ff9605b2ab7]

VM state: not at safepoint (not fully initialized)

VM Mutex/Monitor currently owned by a thread:  ([mutex/lock_event])
[0x0000019d84cdcc50] Heap_lock - owner thread: 0x0000019d84ce19e0

Heap address: 0x0000000081c00000, size: 2020 MB, Compressed Oops mode: 32-bit

CDS archive(s) mapped at: [0x0000000000000000-0x0000000000000000-0x0000000000000000), size 0, SharedBaseAddress: 0x0000000800000000, ArchiveRelocationMode: 1.
Narrow klass base: 0x0000000000000000, Narrow klass shift: 0, Narrow klass range: 0x0

GC Precious Log:
<Empty>

Heap:
 garbage-first heap   total 0K, used 0K [0x0000000081c00000, 0x0000000100000000)
  region size 1024K, 0 young (0K), 0 survivors (0K)
 Metaspace       used 0K, committed 0K, reserved 0K
  class space    used 0K, committed 0K, reserved 0K

Heap Regions: E=young(eden), S=young(survivor), O=old, HS=humongous(starts), HC=humongous(continues), CS=collection set, F=free, OA=open archive, CA=closed archive, TAMS=top-at-mark-start (previous, next)

Card table byte_map: [0x0000019d99680000,0x0000019d99a80000] _byte_map_base: 0x0000019d99272000

Marking Bits (Prev, Next): (CMBitMap*) 0x0000019d84d3a8f0, (CMBitMap*) 0x0000019d84d3a930
 Prev Bits: [0x0000019d99e80000, 0x0000019d9be10000)
 Next Bits: [0x0000019d9be10000, 0x0000019d9dda0000)

GC Heap History (0 events):
No events

Dll operation events (1 events):
Event: 0.160 Loaded shared library C:\Users\brozm\AppData\Local\Programs\IntelliJ IDEA Ultimate\jbr\bin\java.dll

Deoptimization events (0 events):
No events

Classes unloaded (0 events):
No events

Classes redefined (0 events):
No events

Internal exceptions (0 events):
No events

VM Operations (0 events):
No events

Events (0 events):
No events


Dynamic libraries:
0x00007ff61dbb0000 - 0x00007ff61dbba000 	C:\Users\brozm\AppData\Local\Programs\IntelliJ IDEA Ultimate\jbr\bin\java.exe
0x00007ff9ca850000 - 0x00007ff9caa48000 	C:\WINDOWS\SYSTEM32\ntdll.dll
0x00007ff9c98d0000 - 0x00007ff9c998d000 	C:\WINDOWS\System32\KERNEL32.DLL
0x00007ff9c8020000 - 0x00007ff9c8316000 	C:\WINDOWS\System32\KERNELBASE.dll
0x00007ff9c8350000 - 0x00007ff9c8450000 	C:\WINDOWS\System32\ucrtbase.dll
0x00007ff9ab070000 - 0x00007ff9ab087000 	C:\Users\brozm\AppData\Local\Programs\IntelliJ IDEA Ultimate\jbr\bin\jli.dll
0x00007ff9a5a00000 - 0x00007ff9a5a1b000 	C:\Users\brozm\AppData\Local\Programs\IntelliJ IDEA Ultimate\jbr\bin\VCRUNTIME140.dll
0x00007ff9c8970000 - 0x00007ff9c8b0f000 	C:\WINDOWS\System32\USER32.dll
0x00007ff9c7ff0000 - 0x00007ff9c8012000 	C:\WINDOWS\System32\win32u.dll
0x00007ff9ca3b0000 - 0x00007ff9ca3db000 	C:\WINDOWS\System32\GDI32.dll
0x00007ff9c8450000 - 0x00007ff9c8567000 	C:\WINDOWS\System32\gdi32full.dll
0x00007ff9c88d0000 - 0x00007ff9c896d000 	C:\WINDOWS\System32\msvcp_win.dll
0x00007ff9ad750000 - 0x00007ff9ad9ea000 	C:\WINDOWS\WinSxS\amd64_microsoft.windows.common-controls_6595b64144ccf1df_6.0.19041.4355_none_60b8b9eb71f62e16\COMCTL32.dll
0x00007ff9c9a40000 - 0x00007ff9c9ade000 	C:\WINDOWS\System32\msvcrt.dll
0x00007ff9ca510000 - 0x00007ff9ca542000 	C:\WINDOWS\System32\IMM32.DLL
0x00007ff9c1950000 - 0x00007ff9c195c000 	C:\Users\brozm\AppData\Local\Programs\IntelliJ IDEA Ultimate\jbr\bin\vcruntime140_1.dll
0x00007ff9a2bf0000 - 0x00007ff9a2c7d000 	C:\Users\brozm\AppData\Local\Programs\IntelliJ IDEA Ultimate\jbr\bin\msvcp140.dll
0x00007ff9602c0000 - 0x00007ff960f43000 	C:\Users\brozm\AppData\Local\Programs\IntelliJ IDEA Ultimate\jbr\bin\server\jvm.dll
0x00007ff9c9990000 - 0x00007ff9c9a40000 	C:\WINDOWS\System32\ADVAPI32.dll
0x00007ff9c9710000 - 0x00007ff9c97b0000 	C:\WINDOWS\System32\sechost.dll
0x00007ff9c95e0000 - 0x00007ff9c9703000 	C:\WINDOWS\System32\RPCRT4.dll
0x00007ff9c8320000 - 0x00007ff9c8347000 	C:\WINDOWS\System32\bcrypt.dll
0x00007ff9c7530000 - 0x00007ff9c757b000 	C:\WINDOWS\SYSTEM32\POWRPROF.dll
0x00007ff9b1230000 - 0x00007ff9b1257000 	C:\WINDOWS\SYSTEM32\WINMM.dll
0x00007ff9bf790000 - 0x00007ff9bf79a000 	C:\WINDOWS\SYSTEM32\VERSION.dll
0x00007ff9b3610000 - 0x00007ff9b3619000 	C:\WINDOWS\SYSTEM32\WSOCK32.dll
0x00007ff9c97b0000 - 0x00007ff9c981b000 	C:\WINDOWS\System32\WS2_32.dll
0x00007ff9c73a0000 - 0x00007ff9c73b2000 	C:\WINDOWS\SYSTEM32\UMPDC.dll
0x00007ff9c67f0000 - 0x00007ff9c6802000 	C:\WINDOWS\SYSTEM32\kernel.appcore.dll
0x00007ff9c1a30000 - 0x00007ff9c1a3a000 	C:\Users\brozm\AppData\Local\Programs\IntelliJ IDEA Ultimate\jbr\bin\jimage.dll
0x00007ff9c5ce0000 - 0x00007ff9c5ec4000 	C:\WINDOWS\SYSTEM32\DBGHELP.DLL
0x00007ff9be110000 - 0x00007ff9be144000 	C:\WINDOWS\SYSTEM32\dbgcore.DLL
0x00007ff9c8570000 - 0x00007ff9c85f2000 	C:\WINDOWS\System32\bcryptPrimitives.dll
0x00007ff9c1830000 - 0x00007ff9c1855000 	C:\Users\brozm\AppData\Local\Programs\IntelliJ IDEA Ultimate\jbr\bin\java.dll

dbghelp: loaded successfully - version: 4.0.5 - missing functions: none
symbol engine: initialized successfully - sym options: 0x614 - pdb path: .;C:\Users\brozm\AppData\Local\Programs\IntelliJ IDEA Ultimate\jbr\bin;C:\WINDOWS\SYSTEM32;C:\WINDOWS\WinSxS\amd64_microsoft.windows.common-controls_6595b64144ccf1df_6.0.19041.4355_none_60b8b9eb71f62e16;C:\Users\brozm\AppData\Local\Programs\IntelliJ IDEA Ultimate\jbr\bin\server

VM Arguments:
java_command: externalApp.nativessh.NativeSshAskPassApp Enter passphrase for key '/c/Users/brozm/.ssh/id_ed25519': 
java_class_path (initial): C:/Users/brozm/AppData/Local/Programs/IntelliJ IDEA Ultimate/lib/externalProcess-rt.jar
Launcher Type: SUN_STANDARD

[Global flags]
     intx CICompilerCount                          = 3                                         {product} {ergonomic}
     uint ConcGCThreads                            = 1                                         {product} {ergonomic}
     uint G1ConcRefinementThreads                  = 4                                         {product} {ergonomic}
   size_t G1HeapRegionSize                         = 1048576                                   {product} {ergonomic}
    uintx GCDrainStackTargetSize                   = 64                                        {product} {ergonomic}
   size_t InitialHeapSize                          = 134217728                                 {product} {ergonomic}
   size_t MarkStackSize                            = 4194304                                   {product} {ergonomic}
   size_t MaxHeapSize                              = 2118123520                                {product} {ergonomic}
   size_t MinHeapDeltaBytes                        = 1048576                                   {product} {ergonomic}
   size_t MinHeapSize                              = 8388608                                   {product} {ergonomic}
    uintx NonNMethodCodeHeapSize                   = 5832780                                {pd product} {ergonomic}
    uintx NonProfiledCodeHeapSize                  = 122912730                              {pd product} {ergonomic}
    uintx ProfiledCodeHeapSize                     = 122912730                              {pd product} {ergonomic}
    uintx ReservedCodeCacheSize                    = 251658240                              {pd product} {ergonomic}
     bool SegmentedCodeCache                       = true                                      {product} {ergonomic}
   size_t SoftMaxHeapSize                          = 2118123520                             {manageable} {ergonomic}
     bool UseCompressedClassPointers               = true                           {product lp64_product} {ergonomic}
     bool UseCompressedOops                        = true                           {product lp64_product} {ergonomic}
     bool UseG1GC                                  = true                                      {product} {ergonomic}
     bool UseLargePagesIndividualAllocation        = false                                  {pd product} {ergonomic}

Logging:
Log output configuration:
 #0: stdout all=warning uptime,level,tags
 #1: stderr all=off uptime,level,tags

Environment Variables:
PATH=C:\Program Files\Git\mingw64\libexec\git-core;C:\Program Files\Git\mingw64\bin;C:\Program Files\Git\usr\bin;C:\Users\brozm\bin;C:\Program Files\Common Files\Oracle\Java\javapath;C:\Program Files (x86)\Intel\iCLS Client;C:\Program Files\Intel\iCLS Client;C:\Windows\system32;C:\Windows;C:\Windows\System32\Wbem;C:\Windows\System32\WindowsPowerShell\v1.0;C:\Program Files (x86)\Intel\Intel(R) Management Engine Components\DAL;C:\Program Files\Intel\Intel(R) Management Engine Components\DAL;C:\Program Files (x86)\Intel\Intel(R) Management Engine Components\IPT;C:\Program Files\Intel\Intel(R) Management Engine Components\IPT;C:\Program Files (x86)\NVIDIA Corporation\PhysX\Common;C:\Program Files\Intel\WiFi\bin;C:\Program Files\Common Files\Intel\WirelessCommon;C:\WINDOWS\system32;C:\WINDOWS;C:\WINDOWS\System32\Wbem;C:\WINDOWS\System32\WindowsPowerShell\v1.0;C:\WINDOWS\System32\OpenSSH;C:\ProgramData\chocolatey\bin;C:\Program Files\Git\cmd;C:\Program Files\nodejs;C:\Program Files\apache-maven-3.9.5\bin;C:\Program Files\Docker\Docker\resources\bin;C:\Program Files\dotnet;C:\Users\brozm\AppData\Local\Microsoft\WindowsApps;C:\Users\brozm\AppData\Local\Programs\Microsoft VS Code\bin;C:\Users\brozm\AppData\Roaming\npm;C:\Users\brozm\AppData\Local\JetBrains\Toolbox\scripts;C:\Program Files\Neovim\bin;C:\Users\brozm\.dotnet\tools
USERNAME=brozm
DISPLAY=:0.0
LC_ALL=en_US.UTF-8
TERM=xterm-256color
TMPDIR=C:\Users\brozm\AppData\Local\Temp
OS=Windows_NT
PROCESSOR_IDENTIFIER=Intel64 Family 6 Model 142 Stepping 9, GenuineIntel
TMP=C:\Users\brozm\AppData\Local\Temp
TEMP=C:\Users\brozm\AppData\Local\Temp


JNI global refs:
JNI global refs: 0, weak refs: 0

JNI global refs memory usage: 0, weak refs: 0

OOME stack traces (most recent first):
Classloader memory used:


---------------  S Y S T E M  ---------------

OS:
 Windows 10 , 64 bit Build 19041 (10.0.19041.3636)
OS uptime: 12 days 15:31 hours
Hyper-V role detected

CPU: total 4 (initial active 4) (2 cores per cpu, 2 threads per core) family 6 model 142 stepping 9 microcode 0xb4, cx8, cmov, fxsr, ht, mmx, 3dnowpref, sse, sse2, sse3, ssse3, sse4.1, sse4.2, popcnt, lzcnt, tsc, tscinvbit, avx, avx2, aes, erms, clmul, bmi1, bmi2, adx, fma, vzeroupper, clflush, clflushopt, hv
Processor Information for all 4 processors :
  Max Mhz: 2904, Current Mhz: 2703, Mhz Limit: 2700

Memory: 4k page, system-wide physical 8072M (215M free)
TotalPageFile size 32648M (AvailPageFile size 84M)
current process WorkingSet (physical memory assigned to process): 10M, peak: 10M
current process commit charge ("private bytes"): 52M, peak: 179M

vm_info: OpenJDK 64-Bit Server VM (17.0.8.1+7-b1000.32) for windows-amd64 JRE (17.0.8.1+7-b1000.32), built on 2023-09-15 by "builduser" with MS VC++ 16.10 / 16.11 (VS2019)

END.
